<?xml version="1.0" encoding="UTF-8"?>
<!-- Generated by org.testng.reporters.JUnitXMLReporter -->
<testsuite ignored="0" hostname="DESKTOP-4I6H6P7" failures="0" tests="7" name="Default test" time="13.487" errors="0" timestamp="2022-05-20T11:22:55 EDT">
  <testcase classname="TestCases.Jobs_PUT_Request" name="PutJobsApi" time="4.18"/>
  <testcase classname="TestCases.Jobs_PUT_Request" name="PutJobsApi" time="2.197"/>
  <testcase classname="TestCases.Jobs_PUT_Request" name="PutJobsApi" time="2.19"/>
  <testcase classname="TestCases.Jobs_PUT_Request" name="PutJobsApi" time="2.187"/>
  <testcase classname="TestCases.Jobs_PUT_Request" name="ValidateStatusCode" time="0.005"/>
  <testcase classname="TestCases.Jobs_PUT_Request" name="ValidateJsonSchemaValidation" time="0.691"/>
  <testcase classname="TestCases.Jobs_PUT_Request" name="ValidateStatusLine" time="0.003"/>
</testsuite> <!-- Default test -->
