<?xml version="1.0" encoding="UTF-8"?>
<!-- Generated by org.testng.reporters.JUnitXMLReporter -->
<testsuite ignored="0" hostname="DESKTOP-4I6H6P7" failures="0" tests="47" name="Jobs API Test" time="39.943" errors="0" timestamp="2022-05-20T11:29:06 EDT">
  <testcase classname="TestCases.Jobs_POST_Request" name="PostJobsApi" time="2.13"/>
  <testcase classname="TestCases.Jobs_POST_Request" name="PostJobsApi" time="0.204"/>
  <testcase classname="TestCases.Jobs_POST_Request" name="PostJobsApi" time="0.176"/>
  <testcase classname="TestCases.Jobs_POST_Request" name="PostJobsApi" time="0.197"/>
  <testcase classname="TestCases.Jobs_POST_Request" name="ValidateStatusCode" time="0.004"/>
  <testcase classname="TestCases.Jobs_POST_Request" name="ValidateStatusLine" time="0.004"/>
  <testcase classname="TestCases.Jobs_POST_Request" name="ValidateJsonSchemaValidation" time="0.7"/>
  <testcase classname="TestCases.Jobs_POST_already_existing_record_Request" name="PostJobsApi" time="2.177"/>
  <testcase classname="TestCases.Jobs_POST_already_existing_record_Request" name="PostJobsApi" time="2.17"/>
  <testcase classname="TestCases.Jobs_POST_already_existing_record_Request" name="PostJobsApi" time="2.173"/>
  <testcase classname="TestCases.Jobs_POST_already_existing_record_Request" name="PostJobsApi" time="2.159"/>
  <testcase classname="TestCases.Jobs_POST_already_existing_record_Request" name="PostJobsApi" time="2.177"/>
  <testcase classname="TestCases.Jobs_POST_already_existing_record_Request" name="ValidateStatusCode" time="0.003"/>
  <testcase classname="TestCases.Jobs_POST_already_existing_record_Request" name="ValidateStatusLine" time="0.004"/>
  <testcase classname="TestCases.Jobs_POST_already_existing_record_Request" name="ValidateJsonSchemaValidation" time="0.005"/>
  <testcase classname="TestCases.Jobs_PUT_Request" name="PutJobsApi" time="2.218"/>
  <testcase classname="TestCases.Jobs_PUT_Request" name="PutJobsApi" time="2.186"/>
  <testcase classname="TestCases.Jobs_PUT_Request" name="PutJobsApi" time="2.19"/>
  <testcase classname="TestCases.Jobs_PUT_Request" name="PutJobsApi" time="2.204"/>
  <testcase classname="TestCases.Jobs_PUT_Request" name="ValidateStatusCode" time="0.003"/>
  <testcase classname="TestCases.Jobs_PUT_Request" name="ValidateJsonSchemaValidation" time="0.018"/>
  <testcase classname="TestCases.Jobs_PUT_Request" name="ValidateStatusLine" time="0.003"/>
  <testcase classname="TestCases.Jobs_PUT_non_existing_record_Request" name="PutJobsApi" time="2.169"/>
  <testcase classname="TestCases.Jobs_PUT_non_existing_record_Request" name="PutJobsApi" time="2.167"/>
  <testcase classname="TestCases.Jobs_PUT_non_existing_record_Request" name="PutJobsApi" time="2.172"/>
  <testcase classname="TestCases.Jobs_PUT_non_existing_record_Request" name="PutJobsApi" time="2.17"/>
  <testcase classname="TestCases.Jobs_PUT_non_existing_record_Request" name="PutJobsApi" time="2.205"/>
  <testcase classname="TestCases.Jobs_PUT_non_existing_record_Request" name="ValidateStatusCode" time="0.003"/>
  <testcase classname="TestCases.Jobs_PUT_non_existing_record_Request" name="ValidateStatusLine" time="0.003"/>
  <testcase classname="TestCases.Jobs_PUT_non_existing_record_Request" name="ValidateJsonSchemaValidation" time="0.005"/>
  <testcase classname="TestCases.Jobs_DELETE_Request" name="DeleteJobsApi" time="0.167"/>
  <testcase classname="TestCases.Jobs_DELETE_Request" name="DeleteJobsApi" time="0.169"/>
  <testcase classname="TestCases.Jobs_DELETE_Request" name="DeleteJobsApi" time="0.174"/>
  <testcase classname="TestCases.Jobs_DELETE_Request" name="DeleteJobsApi" time="0.208"/>
  <testcase classname="TestCases.Jobs_DELETE_Request" name="ValidateStatusCode" time="0.004"/>
  <testcase classname="TestCases.Jobs_DELETE_Request" name="ValidateStatusLine" time="0.003"/>
  <testcase classname="TestCases.Jobs_DELETE_Request" name="ValidateJsonSchemaValidation" time="0.017"/>
  <testcase classname="TestCases.Jobs_DELETE_already_deleted_record_Request" name="DeleteJobsApi" time="0.174"/>
  <testcase classname="TestCases.Jobs_DELETE_already_deleted_record_Request" name="DeleteJobsApi" time="0.185"/>
  <testcase classname="TestCases.Jobs_DELETE_already_deleted_record_Request" name="ValidateStatusCode" time="0.003"/>
  <testcase classname="TestCases.Jobs_DELETE_already_deleted_record_Request" name="ValidateStatusLine" time="0.003"/>
  <testcase classname="TestCases.Jobs_DELETE_already_deleted_record_Request" name="ValidateJsonSchemaValidation" time="0.008"/>
  <testcase classname="TestCases.Jobs_GET_Request" name="CheckResponseBody" time="0.006"/>
  <testcase classname="TestCases.Jobs_GET_Request" name="ValidateHeadersConnection" time="0.004"/>
  <testcase classname="TestCases.Jobs_GET_Request" name="ValidateJsonSchemaValidation" time="0.013"/>
  <testcase classname="TestCases.Jobs_GET_Request" name="ValidateStatusCode" time="0.003"/>
  <testcase classname="TestCases.Jobs_GET_Request" name="ValidateStatusLine" time="0.003"/>
</testsuite> <!-- Jobs API Test -->
